2023-11-29T00:48:48.810-06:00  WARN 66386 --- [HikariPool-1 housekeeper] com.zaxxer.hikari.pool.HikariPool        : HikariPool-1 - Thread starvation or clock leap detected (housekeeper delta=1h14m54s98ms).
2023-11-29T02:12:47.512-06:00  WARN 66386 --- [HikariPool-1 housekeeper] com.zaxxer.hikari.pool.HikariPool        : HikariPool-1 - Thread starvation or clock leap detected (housekeeper delta=1h23m58s702ms).
2023-11-29T02:56:48.895-06:00  WARN 66386 --- [HikariPool-1 housekeeper] com.zaxxer.hikari.pool.HikariPool        : HikariPool-1 - Thread starvation or clock leap detected (housekeeper delta=44m1s383ms).
2023-11-29T03:19:24.029-06:00  WARN 66386 --- [HikariPool-1 housekeeper] com.zaxxer.hikari.pool.HikariPool        : HikariPool-1 - Thread starvation or clock leap detected (housekeeper delta=22m35s134ms).
2023-11-29T04:06:48.404-06:00  WARN 66386 --- [HikariPool-1 housekeeper] com.zaxxer.hikari.pool.HikariPool        : HikariPool-1 - Thread starvation or clock leap detected (housekeeper delta=47m24s375ms).
2023-11-29T04:46:34.051-06:00  WARN 66386 --- [HikariPool-1 housekeeper] com.zaxxer.hikari.pool.HikariPool        : HikariPool-1 - Thread starvation or clock leap detected (housekeeper delta=39m45s647ms).
2023-11-29T05:39:57.581-06:00  WARN 66386 --- [HikariPool-1 housekeeper] com.zaxxer.hikari.pool.HikariPool        : HikariPool-1 - Thread starvation or clock leap detected (housekeeper delta=53m23s530ms).
2023-11-29T06:58:04.780-06:00  WARN 66386 --- [HikariPool-1 housekeeper] com.zaxxer.hikari.pool.HikariPool        : HikariPool-1 - Thread starvation or clock leap detected (housekeeper delta=1h18m7s199ms).
2023-11-29T07:50:23.635-06:00  WARN 66386 --- [HikariPool-1 housekeeper] com.zaxxer.hikari.pool.HikariPool        : HikariPool-1 - Thread starvation or clock leap detected (housekeeper delta=52m18s855ms).
2023-11-29T09:12:36.607-06:00  WARN 66386 --- [HikariPool-1 housekeeper] com.zaxxer.hikari.pool.HikariPool        : HikariPool-1 - Thread starvation or clock leap detected (housekeeper delta=1h22m12s972ms).
2023-11-29T10:01:30.168-06:00  WARN 66386 --- [HikariPool-1 housekeeper] com.zaxxer.hikari.pool.HikariPool        : HikariPool-1 - Thread starvation or clock leap detected (housekeeper delta=48m53s561ms).
2023-11-29T10:32:37.691-06:00  WARN 66386 --- [HikariPool-1 housekeeper] com.zaxxer.hikari.pool.HikariPool        : HikariPool-1 - Thread starvation or clock leap detected (housekeeper delta=31m7s523ms).
2023-11-29T12:18:48.596-06:00  WARN 66386 --- [HikariPool-1 housekeeper] com.zaxxer.hikari.pool.HikariPool        : HikariPool-1 - Thread starvation or clock leap detected (housekeeper delta=1h46m10s905ms).
2023-11-29T12:49:40.578-06:00  WARN 66386 --- [HikariPool-1 housekeeper] com.zaxxer.hikari.pool.HikariPool        : HikariPool-1 - Thread starvation or clock leap detected (housekeeper delta=30m51s982ms).
2023-11-29T13:28:33.693-06:00  WARN 66386 --- [HikariPool-1 housekeeper] com.zaxxer.hikari.pool.HikariPool        : HikariPool-1 - Thread starvation or clock leap detected (housekeeper delta=52s839ms).
2023-11-29T13:43:31.987-06:00  INFO 66386 --- [SpringApplicationShutdownHook] j.LocalContainerEntityManagerFactoryBean : Closing JPA EntityManagerFactory for persistence unit 'default'
2023-11-29T13:43:32.002-06:00  INFO 66386 --- [SpringApplicationShutdownHook] com.zaxxer.hikari.HikariDataSource       : HikariPool-1 - Shutdown initiated...
2023-11-29T13:43:32.005-06:00  INFO 66386 --- [SpringApplicationShutdownHook] com.zaxxer.hikari.HikariDataSource       : HikariPool-1 - Shutdown completed.
2023-11-29T13:43:43.104-06:00  INFO 32537 --- [main] b.CsProfessorSchedulerServerApplication  : Starting CsProfessorSchedulerServerApplication using Java 21.0.1 with PID 32537 (/Users/graciepulliam/Documents/CSProjectProfessorSchedulerN/server/build/classes/java/main started by graciepulliam in /Users/graciepulliam/Documents/CSProjectProfessorSchedulerN/server)
2023-11-29T13:43:43.105-06:00  INFO 32537 --- [main] b.CsProfessorSchedulerServerApplication  : No active profile set, falling back to 1 default profile: "default"
2023-11-29T13:43:43.367-06:00  INFO 32537 --- [main] .s.d.r.c.RepositoryConfigurationDelegate : Bootstrapping Spring Data JPA repositories in DEFAULT mode.
2023-11-29T13:43:43.394-06:00  INFO 32537 --- [main] .s.d.r.c.RepositoryConfigurationDelegate : Finished Spring Data repository scanning in 24 ms. Found 6 JPA repository interfaces.
2023-11-29T13:43:43.639-06:00  INFO 32537 --- [main] o.s.b.w.embedded.tomcat.TomcatWebServer  : Tomcat initialized with port(s): 8080 (http)
2023-11-29T13:43:43.644-06:00  INFO 32537 --- [main] o.apache.catalina.core.StandardService   : Starting service [Tomcat]
2023-11-29T13:43:43.644-06:00  INFO 32537 --- [main] o.apache.catalina.core.StandardEngine    : Starting Servlet engine: [Apache Tomcat/10.1.13]
2023-11-29T13:43:43.687-06:00  INFO 32537 --- [main] o.a.c.c.C.[Tomcat].[localhost].[/]       : Initializing Spring embedded WebApplicationContext
2023-11-29T13:43:43.688-06:00  INFO 32537 --- [main] w.s.c.ServletWebServerApplicationContext : Root WebApplicationContext: initialization completed in 565 ms
2023-11-29T13:43:43.766-06:00  INFO 32537 --- [main] o.hibernate.jpa.internal.util.LogHelper  : HHH000204: Processing PersistenceUnitInfo [name: default]
2023-11-29T13:43:43.793-06:00  INFO 32537 --- [main] org.hibernate.Version                    : HHH000412: Hibernate ORM core version 6.2.9.Final
2023-11-29T13:43:43.794-06:00  INFO 32537 --- [main] org.hibernate.cfg.Environment            : HHH000406: Using bytecode reflection optimizer
2023-11-29T13:43:43.849-06:00  INFO 32537 --- [main] o.h.b.i.BytecodeProviderInitiator        : HHH000021: Bytecode provider name : bytebuddy
2023-11-29T13:43:43.911-06:00  INFO 32537 --- [main] o.s.o.j.p.SpringPersistenceUnitInfo      : No LoadTimeWeaver setup: ignoring JPA class transformer
2023-11-29T13:43:43.918-06:00  INFO 32537 --- [main] com.zaxxer.hikari.HikariDataSource       : HikariPool-1 - Starting...
2023-11-29T13:43:44.097-06:00  INFO 32537 --- [main] com.zaxxer.hikari.pool.HikariPool        : HikariPool-1 - Added connection com.mysql.cj.jdbc.ConnectionImpl@2864f887
2023-11-29T13:43:44.098-06:00  INFO 32537 --- [main] com.zaxxer.hikari.HikariDataSource       : HikariPool-1 - Start completed.
2023-11-29T13:43:44.147-06:00 DEBUG 32537 --- [main] o.h.t.d.sql.spi.DdlTypeRegistry          : addDescriptor(12, org.hibernate.type.descriptor.sql.internal.CapacityDependentDdlType@26a45089) replaced previous registration(org.hibernate.type.descriptor.sql.internal.CapacityDependentDdlType@75ed7512)
2023-11-29T13:43:44.148-06:00 DEBUG 32537 --- [main] o.h.t.d.sql.spi.DdlTypeRegistry          : addDescriptor(-9, org.hibernate.type.descriptor.sql.internal.CapacityDependentDdlType@5ab5924c) replaced previous registration(org.hibernate.type.descriptor.sql.internal.CapacityDependentDdlType@33ebe4f0)
2023-11-29T13:43:44.148-06:00 DEBUG 32537 --- [main] o.h.t.d.sql.spi.DdlTypeRegistry          : addDescriptor(-3, org.hibernate.type.descriptor.sql.internal.CapacityDependentDdlType@37cfda1c) replaced previous registration(org.hibernate.type.descriptor.sql.internal.CapacityDependentDdlType@29147c12)
2023-11-29T13:43:44.148-06:00 DEBUG 32537 --- [main] o.h.t.d.sql.spi.DdlTypeRegistry          : addDescriptor(4003, org.hibernate.type.descriptor.sql.internal.DdlTypeImpl@5f45bc8e) replaced previous registration(org.hibernate.type.descriptor.sql.internal.DdlTypeImpl@33e50ff2)
2023-11-29T13:43:44.148-06:00 DEBUG 32537 --- [main] o.h.t.d.sql.spi.DdlTypeRegistry          : addDescriptor(4001, org.hibernate.type.descriptor.sql.internal.DdlTypeImpl@7ab33ca8) replaced previous registration(org.hibernate.type.descriptor.sql.internal.DdlTypeImpl@704d3b00)
2023-11-29T13:43:44.148-06:00 DEBUG 32537 --- [main] o.h.t.d.sql.spi.DdlTypeRegistry          : addDescriptor(4002, org.hibernate.type.descriptor.sql.internal.DdlTypeImpl@21e484b) replaced previous registration(org.hibernate.type.descriptor.sql.internal.DdlTypeImpl@191f4d65)
2023-11-29T13:43:44.148-06:00 DEBUG 32537 --- [main] o.h.t.d.sql.spi.DdlTypeRegistry          : addDescriptor(2004, org.hibernate.type.descriptor.sql.internal.CapacityDependentDdlType@7a2a7492) replaced previous registration(org.hibernate.type.descriptor.sql.internal.DdlTypeImpl@6326c5ec)
2023-11-29T13:43:44.148-06:00 DEBUG 32537 --- [main] o.h.t.d.sql.spi.DdlTypeRegistry          : addDescriptor(2005, org.hibernate.type.descriptor.sql.internal.CapacityDependentDdlType@138a85d3) replaced previous registration(org.hibernate.type.descriptor.sql.internal.DdlTypeImpl@709d86a2)
2023-11-29T13:43:44.148-06:00 DEBUG 32537 --- [main] o.h.t.d.sql.spi.DdlTypeRegistry          : addDescriptor(2011, org.hibernate.type.descriptor.sql.internal.CapacityDependentDdlType@59baf2c7) replaced previous registration(org.hibernate.type.descriptor.sql.internal.DdlTypeImpl@ce655b9)
2023-11-29T13:43:44.243-06:00  INFO 32537 --- [main] o.h.b.i.BytecodeProviderInitiator        : HHH000021: Bytecode provider name : bytebuddy
2023-11-29T13:43:44.575-06:00  INFO 32537 --- [main] o.h.e.t.j.p.i.JtaPlatformInitiator       : HHH000490: Using JtaPlatform implementation: [org.hibernate.engine.transaction.jta.platform.internal.NoJtaPlatform]
2023-11-29T13:43:44.576-06:00  INFO 32537 --- [main] j.LocalContainerEntityManagerFactoryBean : Initialized JPA EntityManagerFactory for persistence unit 'default'
2023-11-29T13:43:45.312-06:00  INFO 32537 --- [main] o.s.d.j.r.query.QueryEnhancerFactory     : Hibernate is in classpath; If applicable, HQL parser will be used.
2023-11-29T13:43:45.464-06:00  WARN 32537 --- [main] JpaBaseConfiguration$JpaWebConfiguration : spring.jpa.open-in-view is enabled by default. Therefore, database queries may be performed during view rendering. Explicitly configure spring.jpa.open-in-view to disable this warning
2023-11-29T13:43:45.603-06:00  INFO 32537 --- [main] o.s.s.web.DefaultSecurityFilterChain     : Will secure any request with [org.springframework.security.web.session.DisableEncodeUrlFilter@4769e70c, org.springframework.security.web.context.request.async.WebAsyncManagerIntegrationFilter@69346100, org.springframework.security.web.context.SecurityContextHolderFilter@2c485b3a, org.springframework.security.web.header.HeaderWriterFilter@4960b819, org.springframework.web.filter.CorsFilter@16a14076, org.springframework.security.web.authentication.logout.LogoutFilter@2530baf6, org.springframework.security.oauth2.server.resource.web.authentication.BearerTokenAuthenticationFilter@c5e7696, org.springframework.security.web.savedrequest.RequestCacheAwareFilter@4fae4c3b, org.springframework.security.web.servletapi.SecurityContextHolderAwareRequestFilter@3dcf6026, org.springframework.security.web.authentication.AnonymousAuthenticationFilter@65293ca5, org.springframework.security.web.session.SessionManagementFilter@72c29d87, org.springframework.security.web.access.ExceptionTranslationFilter@58ebfbcb, org.springframework.security.web.access.intercept.AuthorizationFilter@2ebd6a0d]
2023-11-29T13:43:45.687-06:00  INFO 32537 --- [main] o.s.b.w.embedded.tomcat.TomcatWebServer  : Tomcat started on port(s): 8080 (http) with context path ''
2023-11-29T13:43:45.691-06:00  INFO 32537 --- [main] b.CsProfessorSchedulerServerApplication  : Started CsProfessorSchedulerServerApplication in 2.755 seconds (process running for 2.94)
2023-11-29T13:44:11.460-06:00  INFO 32537 --- [http-nio-8080-exec-1] o.a.c.c.C.[Tomcat].[localhost].[/]       : Initializing Spring DispatcherServlet 'dispatcherServlet'
2023-11-29T13:44:11.460-06:00  INFO 32537 --- [http-nio-8080-exec-1] o.s.web.servlet.DispatcherServlet        : Initializing Servlet 'dispatcherServlet'
2023-11-29T13:44:11.461-06:00  INFO 32537 --- [http-nio-8080-exec-1] o.s.web.servlet.DispatcherServlet        : Completed initialization in 1 ms
2023-11-29T13:44:20.316-06:00  INFO 32537 --- [http-nio-8080-exec-6] base.services.AvailabilityService        : Processing availability for netID: kkhan
2023-11-29T13:44:20.331-06:00  INFO 32537 --- [http-nio-8080-exec-6] base.services.AvailabilityService        : all availabilities with netid: kkhan
2023-11-29T13:44:20.331-06:00  INFO 32537 --- [http-nio-8080-exec-6] base.services.AvailabilityService        : Availability - NetID: kkhan, Day: Mon, TimeSlot: 8:00am - 8:30am
2023-11-29T13:44:20.332-06:00  INFO 32537 --- [http-nio-8080-exec-6] base.services.AvailabilityService        : netID exists in database: kkhan
2023-11-29T13:44:20.343-06:00  INFO 32537 --- [http-nio-8080-exec-6] base.services.AvailabilityService        : Saving availability object: base.entities.Availability@2cebea2f
2023-11-29T13:44:20.377-06:00  INFO 32537 --- [http-nio-8080-exec-6] base.services.AvailabilityService        : adding following day and timeslot for netid: kkhan
2023-11-29T13:44:20.377-06:00  INFO 32537 --- [http-nio-8080-exec-6] base.services.AvailabilityService        : day: Wed
2023-11-29T13:44:20.377-06:00  INFO 32537 --- [http-nio-8080-exec-6] base.services.AvailabilityService        : timeslot: 5:30pm - 6:00pm
2023-11-29T13:44:20.377-06:00  INFO 32537 --- [http-nio-8080-exec-6] base.services.AvailabilityService        : Saving availability object: base.entities.Availability@3a65c4d0
2023-11-29T13:44:20.380-06:00  INFO 32537 --- [http-nio-8080-exec-6] base.services.AvailabilityService        : adding following day and timeslot for netid: kkhan
2023-11-29T13:44:20.380-06:00  INFO 32537 --- [http-nio-8080-exec-6] base.services.AvailabilityService        : day: Wed
2023-11-29T13:44:20.380-06:00  INFO 32537 --- [http-nio-8080-exec-6] base.services.AvailabilityService        : timeslot: 6:00pm - 6:30pm
2023-11-29T13:44:20.380-06:00  INFO 32537 --- [http-nio-8080-exec-6] base.services.AvailabilityService        : Saving availability object: base.entities.Availability@a746420
2023-11-29T13:44:20.381-06:00  INFO 32537 --- [http-nio-8080-exec-6] base.services.AvailabilityService        : adding following day and timeslot for netid: kkhan
2023-11-29T13:44:20.381-06:00  INFO 32537 --- [http-nio-8080-exec-6] base.services.AvailabilityService        : day: Wed
2023-11-29T13:44:20.381-06:00  INFO 32537 --- [http-nio-8080-exec-6] base.services.AvailabilityService        : timeslot: 6:30pm - 7:00pm
2023-11-29T13:44:20.381-06:00  INFO 32537 --- [http-nio-8080-exec-6] base.services.AvailabilityService        : Saving availability object: base.entities.Availability@58381a9f
2023-11-29T13:44:20.383-06:00  INFO 32537 --- [http-nio-8080-exec-6] base.services.AvailabilityService        : adding following day and timeslot for netid: kkhan
2023-11-29T13:44:20.383-06:00  INFO 32537 --- [http-nio-8080-exec-6] base.services.AvailabilityService        : day: Wed
2023-11-29T13:44:20.383-06:00  INFO 32537 --- [http-nio-8080-exec-6] base.services.AvailabilityService        : timeslot: 7:00pm - 7:30pm
2023-11-29T13:44:20.383-06:00  INFO 32537 --- [http-nio-8080-exec-6] base.services.AvailabilityService        : Saving availability object: base.entities.Availability@4f39323b
2023-11-29T13:44:20.384-06:00  INFO 32537 --- [http-nio-8080-exec-6] base.services.AvailabilityService        : adding following day and timeslot for netid: kkhan
2023-11-29T13:44:20.384-06:00  INFO 32537 --- [http-nio-8080-exec-6] base.services.AvailabilityService        : day: Wed
2023-11-29T13:44:20.384-06:00  INFO 32537 --- [http-nio-8080-exec-6] base.services.AvailabilityService        : timeslot: 7:30pm - 8:00pm
2023-11-29T13:44:20.384-06:00  INFO 32537 --- [http-nio-8080-exec-6] base.services.AvailabilityService        : Saving availability object: base.entities.Availability@12b14bc
2023-11-29T13:44:20.385-06:00  INFO 32537 --- [http-nio-8080-exec-6] base.services.AvailabilityService        : adding following day and timeslot for netid: kkhan
2023-11-29T13:44:20.385-06:00  INFO 32537 --- [http-nio-8080-exec-6] base.services.AvailabilityService        : day: Wed
2023-11-29T13:44:20.385-06:00  INFO 32537 --- [http-nio-8080-exec-6] base.services.AvailabilityService        : timeslot: 8:00pm - 8:30pm
2023-11-29T13:44:20.386-06:00  INFO 32537 --- [http-nio-8080-exec-6] base.services.AvailabilityService        : Saving availability object: base.entities.Availability@11ef80dc
2023-11-29T13:44:20.387-06:00  INFO 32537 --- [http-nio-8080-exec-6] base.services.AvailabilityService        : adding following day and timeslot for netid: kkhan
2023-11-29T13:44:20.387-06:00  INFO 32537 --- [http-nio-8080-exec-6] base.services.AvailabilityService        : day: Wed
2023-11-29T13:44:20.387-06:00  INFO 32537 --- [http-nio-8080-exec-6] base.services.AvailabilityService        : timeslot: 8:30pm - 9:00pm
2023-11-29T13:44:20.387-06:00  INFO 32537 --- [http-nio-8080-exec-6] base.services.AvailabilityService        : Saving availability object: base.entities.Availability@41bec89e
2023-11-29T13:44:20.388-06:00  INFO 32537 --- [http-nio-8080-exec-6] base.services.AvailabilityService        : adding following day and timeslot for netid: kkhan
2023-11-29T13:44:20.388-06:00  INFO 32537 --- [http-nio-8080-exec-6] base.services.AvailabilityService        : day: Wed
2023-11-29T13:44:20.388-06:00  INFO 32537 --- [http-nio-8080-exec-6] base.services.AvailabilityService        : timeslot: 9:00pm - 9:30pm
2023-11-29T13:44:20.388-06:00  INFO 32537 --- [http-nio-8080-exec-6] base.services.AvailabilityService        : Saving availability object: base.entities.Availability@6ff2c03e
2023-11-29T13:44:20.389-06:00  INFO 32537 --- [http-nio-8080-exec-6] base.services.AvailabilityService        : adding following day and timeslot for netid: kkhan
2023-11-29T13:44:20.389-06:00  INFO 32537 --- [http-nio-8080-exec-6] base.services.AvailabilityService        : day: Wed
2023-11-29T13:44:20.389-06:00  INFO 32537 --- [http-nio-8080-exec-6] base.services.AvailabilityService        : timeslot: 9:30pm - 10:00pm
2023-11-29T13:54:02.598-06:00  INFO 32537 --- [http-nio-8080-exec-1] base.services.AvailabilityService        : Processing availability for netID: kkhan
2023-11-29T13:54:02.617-06:00  INFO 32537 --- [http-nio-8080-exec-1] base.services.AvailabilityService        : all availabilities with netid: kkhan
2023-11-29T13:54:02.617-06:00  INFO 32537 --- [http-nio-8080-exec-1] base.services.AvailabilityService        : Availability - NetID: kkhan, Day: Wed, TimeSlot: 5:30pm - 6:00pm
2023-11-29T13:54:02.617-06:00  INFO 32537 --- [http-nio-8080-exec-1] base.services.AvailabilityService        : Availability - NetID: kkhan, Day: Wed, TimeSlot: 6:00pm - 6:30pm
2023-11-29T13:54:02.617-06:00  INFO 32537 --- [http-nio-8080-exec-1] base.services.AvailabilityService        : Availability - NetID: kkhan, Day: Wed, TimeSlot: 6:30pm - 7:00pm
2023-11-29T13:54:02.617-06:00  INFO 32537 --- [http-nio-8080-exec-1] base.services.AvailabilityService        : Availability - NetID: kkhan, Day: Wed, TimeSlot: 7:00pm - 7:30pm
2023-11-29T13:54:02.617-06:00  INFO 32537 --- [http-nio-8080-exec-1] base.services.AvailabilityService        : Availability - NetID: kkhan, Day: Wed, TimeSlot: 7:30pm - 8:00pm
2023-11-29T13:54:02.617-06:00  INFO 32537 --- [http-nio-8080-exec-1] base.services.AvailabilityService        : Availability - NetID: kkhan, Day: Wed, TimeSlot: 8:00pm - 8:30pm
2023-11-29T13:54:02.617-06:00  INFO 32537 --- [http-nio-8080-exec-1] base.services.AvailabilityService        : Availability - NetID: kkhan, Day: Wed, TimeSlot: 8:30pm - 9:00pm
2023-11-29T13:54:02.617-06:00  INFO 32537 --- [http-nio-8080-exec-1] base.services.AvailabilityService        : Availability - NetID: kkhan, Day: Wed, TimeSlot: 9:00pm - 9:30pm
2023-11-29T13:54:02.617-06:00  INFO 32537 --- [http-nio-8080-exec-1] base.services.AvailabilityService        : Availability - NetID: kkhan, Day: Wed, TimeSlot: 9:30pm - 10:00pm
2023-11-29T13:54:02.617-06:00  INFO 32537 --- [http-nio-8080-exec-1] base.services.AvailabilityService        : netID exists in database: kkhan
2023-11-29T13:54:02.622-06:00  INFO 32537 --- [http-nio-8080-exec-1] base.services.AvailabilityService        : Saving availability object: base.entities.Availability@3b7149d6
2023-11-29T13:54:02.630-06:00  INFO 32537 --- [http-nio-8080-exec-1] base.services.AvailabilityService        : adding following day and timeslot for netid: kkhan
2023-11-29T13:54:02.630-06:00  INFO 32537 --- [http-nio-8080-exec-1] base.services.AvailabilityService        : day: Tue
2023-11-29T13:54:02.631-06:00  INFO 32537 --- [http-nio-8080-exec-1] base.services.AvailabilityService        : timeslot: 7:00pm - 7:30pm
2023-11-29T13:54:02.631-06:00  INFO 32537 --- [http-nio-8080-exec-1] base.services.AvailabilityService        : Saving availability object: base.entities.Availability@39804e89
2023-11-29T13:54:02.633-06:00  INFO 32537 --- [http-nio-8080-exec-1] base.services.AvailabilityService        : adding following day and timeslot for netid: kkhan
2023-11-29T13:54:02.633-06:00  INFO 32537 --- [http-nio-8080-exec-1] base.services.AvailabilityService        : day: Tue
2023-11-29T13:54:02.633-06:00  INFO 32537 --- [http-nio-8080-exec-1] base.services.AvailabilityService        : timeslot: 7:30pm - 8:00pm
2023-11-29T13:54:02.633-06:00  INFO 32537 --- [http-nio-8080-exec-1] base.services.AvailabilityService        : Saving availability object: base.entities.Availability@7ce9a3c7
2023-11-29T13:54:02.634-06:00  INFO 32537 --- [http-nio-8080-exec-1] base.services.AvailabilityService        : adding following day and timeslot for netid: kkhan
2023-11-29T13:54:02.634-06:00  INFO 32537 --- [http-nio-8080-exec-1] base.services.AvailabilityService        : day: Tue
2023-11-29T13:54:02.634-06:00  INFO 32537 --- [http-nio-8080-exec-1] base.services.AvailabilityService        : timeslot: 8:00pm - 8:30pm
2023-11-29T13:58:59.319-06:00  INFO 32537 --- [http-nio-8080-exec-4] base.services.AvailabilityService        : Processing availability for netID: kkhan
2023-11-29T13:58:59.343-06:00  INFO 32537 --- [http-nio-8080-exec-4] base.services.AvailabilityService        : all availabilities with netid: kkhan
2023-11-29T13:58:59.344-06:00  INFO 32537 --- [http-nio-8080-exec-4] base.services.AvailabilityService        : Availability - NetID: kkhan, Day: Tue, TimeSlot: 7:00pm - 7:30pm
2023-11-29T13:58:59.344-06:00  INFO 32537 --- [http-nio-8080-exec-4] base.services.AvailabilityService        : Availability - NetID: kkhan, Day: Tue, TimeSlot: 7:30pm - 8:00pm
2023-11-29T13:58:59.344-06:00  INFO 32537 --- [http-nio-8080-exec-4] base.services.AvailabilityService        : Availability - NetID: kkhan, Day: Tue, TimeSlot: 8:00pm - 8:30pm
2023-11-29T13:58:59.344-06:00  INFO 32537 --- [http-nio-8080-exec-4] base.services.AvailabilityService        : netID exists in database: kkhan
2023-11-29T13:58:59.348-06:00  INFO 32537 --- [http-nio-8080-exec-4] base.services.AvailabilityService        : Saving availability object: base.entities.Availability@62f35dd9
2023-11-29T13:58:59.351-06:00  INFO 32537 --- [http-nio-8080-exec-4] base.services.AvailabilityService        : adding following day and timeslot for netid: kkhan
2023-11-29T13:58:59.351-06:00  INFO 32537 --- [http-nio-8080-exec-4] base.services.AvailabilityService        : day: Mon
2023-11-29T13:58:59.351-06:00  INFO 32537 --- [http-nio-8080-exec-4] base.services.AvailabilityService        : timeslot: 4:00pm - 4:30pm
2023-11-29T13:58:59.351-06:00  INFO 32537 --- [http-nio-8080-exec-4] base.services.AvailabilityService        : Saving availability object: base.entities.Availability@655691f0
2023-11-29T13:58:59.352-06:00  INFO 32537 --- [http-nio-8080-exec-4] base.services.AvailabilityService        : adding following day and timeslot for netid: kkhan
2023-11-29T13:58:59.352-06:00  INFO 32537 --- [http-nio-8080-exec-4] base.services.AvailabilityService        : day: Mon
2023-11-29T13:58:59.352-06:00  INFO 32537 --- [http-nio-8080-exec-4] base.services.AvailabilityService        : timeslot: 4:30pm - 5:00pm
2023-11-29T13:58:59.352-06:00  INFO 32537 --- [http-nio-8080-exec-4] base.services.AvailabilityService        : Saving availability object: base.entities.Availability@1481c965
2023-11-29T13:58:59.355-06:00  INFO 32537 --- [http-nio-8080-exec-4] base.services.AvailabilityService        : adding following day and timeslot for netid: kkhan
2023-11-29T13:58:59.355-06:00  INFO 32537 --- [http-nio-8080-exec-4] base.services.AvailabilityService        : day: Mon
2023-11-29T13:58:59.355-06:00  INFO 32537 --- [http-nio-8080-exec-4] base.services.AvailabilityService        : timeslot: 5:00pm - 5:30pm
2023-11-29T14:02:07.364-06:00  INFO 32537 --- [http-nio-8080-exec-3] base.services.AvailabilityService        : Processing availability for netID: kkhan
2023-11-29T14:02:07.371-06:00  INFO 32537 --- [http-nio-8080-exec-3] base.services.AvailabilityService        : all availabilities with netid: kkhan
2023-11-29T14:02:07.371-06:00  INFO 32537 --- [http-nio-8080-exec-3] base.services.AvailabilityService        : Availability - NetID: kkhan, Day: Mon, TimeSlot: 4:00pm - 4:30pm
2023-11-29T14:02:07.371-06:00  INFO 32537 --- [http-nio-8080-exec-3] base.services.AvailabilityService        : Availability - NetID: kkhan, Day: Mon, TimeSlot: 4:30pm - 5:00pm
2023-11-29T14:02:07.371-06:00  INFO 32537 --- [http-nio-8080-exec-3] base.services.AvailabilityService        : Availability - NetID: kkhan, Day: Mon, TimeSlot: 5:00pm - 5:30pm
2023-11-29T14:02:07.371-06:00  INFO 32537 --- [http-nio-8080-exec-3] base.services.AvailabilityService        : netID exists in database: kkhan
2023-11-29T14:02:07.375-06:00  INFO 32537 --- [http-nio-8080-exec-3] base.services.AvailabilityService        : Saving availability object: base.entities.Availability@45139aa9
2023-11-29T14:02:07.378-06:00  INFO 32537 --- [http-nio-8080-exec-3] base.services.AvailabilityService        : adding following day and timeslot for netid: kkhan
2023-11-29T14:02:07.378-06:00  INFO 32537 --- [http-nio-8080-exec-3] base.services.AvailabilityService        : day: Tue
2023-11-29T14:02:07.378-06:00  INFO 32537 --- [http-nio-8080-exec-3] base.services.AvailabilityService        : timeslot: 7:00pm - 7:30pm
2023-11-29T14:02:07.378-06:00  INFO 32537 --- [http-nio-8080-exec-3] base.services.AvailabilityService        : Saving availability object: base.entities.Availability@11f7fbf
2023-11-29T14:02:07.384-06:00  INFO 32537 --- [http-nio-8080-exec-3] base.services.AvailabilityService        : adding following day and timeslot for netid: kkhan
2023-11-29T14:02:07.384-06:00  INFO 32537 --- [http-nio-8080-exec-3] base.services.AvailabilityService        : day: Tue
2023-11-29T14:02:07.384-06:00  INFO 32537 --- [http-nio-8080-exec-3] base.services.AvailabilityService        : timeslot: 7:30pm - 8:00pm
2023-11-29T14:02:07.384-06:00  INFO 32537 --- [http-nio-8080-exec-3] base.services.AvailabilityService        : Saving availability object: base.entities.Availability@62365d5a
2023-11-29T14:02:07.385-06:00  INFO 32537 --- [http-nio-8080-exec-3] base.services.AvailabilityService        : adding following day and timeslot for netid: kkhan
2023-11-29T14:02:07.385-06:00  INFO 32537 --- [http-nio-8080-exec-3] base.services.AvailabilityService        : day: Tue
2023-11-29T14:02:07.385-06:00  INFO 32537 --- [http-nio-8080-exec-3] base.services.AvailabilityService        : timeslot: 8:00pm - 8:30pm
2023-11-29T14:03:48.928-06:00  INFO 32537 --- [http-nio-8080-exec-2] base.services.AvailabilityService        : Processing availability for netID: kkhan
2023-11-29T14:03:48.954-06:00  INFO 32537 --- [http-nio-8080-exec-2] base.services.AvailabilityService        : all availabilities with netid: kkhan
2023-11-29T14:03:48.955-06:00  INFO 32537 --- [http-nio-8080-exec-2] base.services.AvailabilityService        : Availability - NetID: kkhan, Day: Tue, TimeSlot: 7:00pm - 7:30pm
2023-11-29T14:03:48.955-06:00  INFO 32537 --- [http-nio-8080-exec-2] base.services.AvailabilityService        : Availability - NetID: kkhan, Day: Tue, TimeSlot: 7:30pm - 8:00pm
2023-11-29T14:03:48.955-06:00  INFO 32537 --- [http-nio-8080-exec-2] base.services.AvailabilityService        : Availability - NetID: kkhan, Day: Tue, TimeSlot: 8:00pm - 8:30pm
2023-11-29T14:03:48.955-06:00  INFO 32537 --- [http-nio-8080-exec-2] base.services.AvailabilityService        : netID exists in database: kkhan
2023-11-29T14:03:48.956-06:00  INFO 32537 --- [http-nio-8080-exec-2] base.services.AvailabilityService        : Saving availability object: base.entities.Availability@9621c9b
2023-11-29T14:03:48.958-06:00  INFO 32537 --- [http-nio-8080-exec-2] base.services.AvailabilityService        : adding following day and timeslot for netid: kkhan
2023-11-29T14:03:48.959-06:00  INFO 32537 --- [http-nio-8080-exec-2] base.services.AvailabilityService        : day: Tue
2023-11-29T14:03:48.959-06:00  INFO 32537 --- [http-nio-8080-exec-2] base.services.AvailabilityService        : timeslot: 7:00pm - 7:30pm
2023-11-29T14:03:48.959-06:00  INFO 32537 --- [http-nio-8080-exec-2] base.services.AvailabilityService        : Saving availability object: base.entities.Availability@55ad42fd
2023-11-29T14:03:48.960-06:00  INFO 32537 --- [http-nio-8080-exec-2] base.services.AvailabilityService        : adding following day and timeslot for netid: kkhan
2023-11-29T14:03:48.960-06:00  INFO 32537 --- [http-nio-8080-exec-2] base.services.AvailabilityService        : day: Tue
2023-11-29T14:03:48.960-06:00  INFO 32537 --- [http-nio-8080-exec-2] base.services.AvailabilityService        : timeslot: 7:30pm - 8:00pm
2023-11-29T14:03:48.960-06:00  INFO 32537 --- [http-nio-8080-exec-2] base.services.AvailabilityService        : Saving availability object: base.entities.Availability@638d0b88
2023-11-29T14:03:48.961-06:00  INFO 32537 --- [http-nio-8080-exec-2] base.services.AvailabilityService        : adding following day and timeslot for netid: kkhan
2023-11-29T14:03:48.961-06:00  INFO 32537 --- [http-nio-8080-exec-2] base.services.AvailabilityService        : day: Tue
2023-11-29T14:03:48.961-06:00  INFO 32537 --- [http-nio-8080-exec-2] base.services.AvailabilityService        : timeslot: 8:00pm - 8:30pm
2023-11-29T14:03:55.633-06:00  INFO 32537 --- [http-nio-8080-exec-1] base.services.AvailabilityService        : Processing availability for netID: kkhan
2023-11-29T14:03:55.647-06:00  INFO 32537 --- [http-nio-8080-exec-1] base.services.AvailabilityService        : all availabilities with netid: kkhan
2023-11-29T14:03:55.647-06:00  INFO 32537 --- [http-nio-8080-exec-1] base.services.AvailabilityService        : Availability - NetID: kkhan, Day: Tue, TimeSlot: 7:00pm - 7:30pm
2023-11-29T14:03:55.648-06:00  INFO 32537 --- [http-nio-8080-exec-1] base.services.AvailabilityService        : Availability - NetID: kkhan, Day: Tue, TimeSlot: 7:30pm - 8:00pm
2023-11-29T14:03:55.648-06:00  INFO 32537 --- [http-nio-8080-exec-1] base.services.AvailabilityService        : Availability - NetID: kkhan, Day: Tue, TimeSlot: 8:00pm - 8:30pm
2023-11-29T14:03:55.648-06:00  INFO 32537 --- [http-nio-8080-exec-1] base.services.AvailabilityService        : netID exists in database: kkhan
2023-11-29T14:03:55.651-06:00  INFO 32537 --- [http-nio-8080-exec-1] base.services.AvailabilityService        : Saving availability object: base.entities.Availability@1c2da49c
2023-11-29T14:03:55.655-06:00  INFO 32537 --- [http-nio-8080-exec-1] base.services.AvailabilityService        : adding following day and timeslot for netid: kkhan
2023-11-29T14:03:55.655-06:00  INFO 32537 --- [http-nio-8080-exec-1] base.services.AvailabilityService        : day: Tue
2023-11-29T14:03:55.655-06:00  INFO 32537 --- [http-nio-8080-exec-1] base.services.AvailabilityService        : timeslot: 7:00pm - 7:30pm
2023-11-29T14:03:55.655-06:00  INFO 32537 --- [http-nio-8080-exec-1] base.services.AvailabilityService        : Saving availability object: base.entities.Availability@7c18e6ce
2023-11-29T14:03:55.657-06:00  INFO 32537 --- [http-nio-8080-exec-1] base.services.AvailabilityService        : adding following day and timeslot for netid: kkhan
2023-11-29T14:03:55.657-06:00  INFO 32537 --- [http-nio-8080-exec-1] base.services.AvailabilityService        : day: Tue
2023-11-29T14:03:55.657-06:00  INFO 32537 --- [http-nio-8080-exec-1] base.services.AvailabilityService        : timeslot: 7:30pm - 8:00pm
2023-11-29T14:03:55.657-06:00  INFO 32537 --- [http-nio-8080-exec-1] base.services.AvailabilityService        : Saving availability object: base.entities.Availability@645f100e
2023-11-29T14:03:55.659-06:00  INFO 32537 --- [http-nio-8080-exec-1] base.services.AvailabilityService        : adding following day and timeslot for netid: kkhan
2023-11-29T14:03:55.659-06:00  INFO 32537 --- [http-nio-8080-exec-1] base.services.AvailabilityService        : day: Tue
2023-11-29T14:03:55.659-06:00  INFO 32537 --- [http-nio-8080-exec-1] base.services.AvailabilityService        : timeslot: 8:00pm - 8:30pm
2023-11-29T14:03:55.659-06:00  INFO 32537 --- [http-nio-8080-exec-1] base.services.AvailabilityService        : Saving availability object: base.entities.Availability@6d3933cd
2023-11-29T14:03:55.660-06:00  INFO 32537 --- [http-nio-8080-exec-1] base.services.AvailabilityService        : adding following day and timeslot for netid: kkhan
2023-11-29T14:03:55.660-06:00  INFO 32537 --- [http-nio-8080-exec-1] base.services.AvailabilityService        : day: Tue
2023-11-29T14:03:55.660-06:00  INFO 32537 --- [http-nio-8080-exec-1] base.services.AvailabilityService        : timeslot: 5:30pm - 6:00pm
2023-11-29T14:03:55.660-06:00  INFO 32537 --- [http-nio-8080-exec-1] base.services.AvailabilityService        : Saving availability object: base.entities.Availability@5a5ba54c
2023-11-29T14:03:55.661-06:00  INFO 32537 --- [http-nio-8080-exec-1] base.services.AvailabilityService        : adding following day and timeslot for netid: kkhan
2023-11-29T14:03:55.662-06:00  INFO 32537 --- [http-nio-8080-exec-1] base.services.AvailabilityService        : day: Tue
2023-11-29T14:03:55.662-06:00  INFO 32537 --- [http-nio-8080-exec-1] base.services.AvailabilityService        : timeslot: 6:00pm - 6:30pm
2023-11-29T14:03:55.662-06:00  INFO 32537 --- [http-nio-8080-exec-1] base.services.AvailabilityService        : Saving availability object: base.entities.Availability@3ae496c8
2023-11-29T14:03:55.663-06:00  INFO 32537 --- [http-nio-8080-exec-1] base.services.AvailabilityService        : adding following day and timeslot for netid: kkhan
2023-11-29T14:03:55.663-06:00  INFO 32537 --- [http-nio-8080-exec-1] base.services.AvailabilityService        : day: Tue
2023-11-29T14:03:55.663-06:00  INFO 32537 --- [http-nio-8080-exec-1] base.services.AvailabilityService        : timeslot: 6:30pm - 7:00pm
